Started GET "/login" for 127.0.0.1 at 2023-04-08 15:39:02 +0200
Processing by SessionsController#new as HTML
  Rendering sessions/new.html.erb within layouts/authentication
  Rendered sessions/new.html.erb within layouts/authentication (9.7ms)
  Rendered shared/_flash.html.erb (0.6ms)
Completed 200 OK in 2280ms (Views: 2267.4ms)


Started GET "/login" for 127.0.0.1 at 2023-04-08 15:39:12 +0200
Processing by SessionsController#new as HTML
  Rendering sessions/new.html.erb within layouts/authentication
  Rendered sessions/new.html.erb within layouts/authentication (9.9ms)
  Rendered shared/_flash.html.erb (0.2ms)
Completed 200 OK in 2326ms (Views: 2311.3ms)


Started GET "/login" for 127.0.0.1 at 2023-04-08 15:39:28 +0200
  
ActionController::RoutingError (No route matches [GET] "/login"):
  
app/lib/hawk/secure_cookies.rb:11:in `call'
Started GET "/" for 127.0.0.1 at 2023-04-08 16:09:28 +0200
  
ActionController::RoutingError (uninitialized constant PagesController

      Object.const_get(camel_cased_word)
            ^^^^^^^^^^

            raise MissingController.new(error.message, error.name)
            ^^^^^):
  
app/lib/hawk/secure_cookies.rb:11:in `call'
Started GET "/favicon.ico" for 127.0.0.1 at 2023-04-08 16:09:28 +0200
  
ActionController::RoutingError (No route matches [GET] "/favicon.ico"):
  
app/lib/hawk/secure_cookies.rb:11:in `call'
Started GET "/" for 127.0.0.1 at 2023-04-08 16:09:33 +0200
  
ActionController::RoutingError (uninitialized constant PagesController

      Object.const_get(camel_cased_word)
            ^^^^^^^^^^

            raise MissingController.new(error.message, error.name)
            ^^^^^):
  
app/lib/hawk/secure_cookies.rb:11:in `call'
Started GET "/" for 127.0.0.1 at 2023-04-08 16:09:47 +0200
  
ActionController::RoutingError (uninitialized constant PagesController

      Object.const_get(camel_cased_word)
            ^^^^^^^^^^

            raise MissingController.new(error.message, error.name)
            ^^^^^):
  
app/lib/hawk/secure_cookies.rb:11:in `call'
Started GET "/favicon.ico" for 127.0.0.1 at 2023-04-08 16:09:47 +0200
  
ActionController::RoutingError (No route matches [GET] "/favicon.ico"):
  
app/lib/hawk/secure_cookies.rb:11:in `call'
Started GET "/" for 127.0.0.1 at 2023-04-08 16:09:49 +0200
  
ActionController::RoutingError (uninitialized constant PagesController

      Object.const_get(camel_cased_word)
            ^^^^^^^^^^

            raise MissingController.new(error.message, error.name)
            ^^^^^):
  
app/lib/hawk/secure_cookies.rb:11:in `call'
Started GET "/" for 127.0.0.1 at 2023-04-08 16:10:56 +0200
  
ActionController::RoutingError (uninitialized constant PagesController

      Object.const_get(camel_cased_word)
            ^^^^^^^^^^

            raise MissingController.new(error.message, error.name)
            ^^^^^):
  
app/lib/hawk/secure_cookies.rb:11:in `call'
Started GET "/" for 127.0.0.1 at 2023-04-08 16:11:34 +0200
  
ActionController::RoutingError (uninitialized constant PagesController

      Object.const_get(camel_cased_word)
            ^^^^^^^^^^

            raise MissingController.new(error.message, error.name)
            ^^^^^):
  
app/lib/hawk/secure_cookies.rb:11:in `call'
Started GET "/" for 127.0.0.1 at 2023-04-08 16:12:03 +0200
  
ActionController::RoutingError (uninitialized constant PagesController

      Object.const_get(camel_cased_word)
            ^^^^^^^^^^

            raise MissingController.new(error.message, error.name)
            ^^^^^):
  
app/lib/hawk/secure_cookies.rb:11:in `call'
Started GET "/" for 127.0.0.1 at 2023-04-08 16:14:36 +0200
  
ActionController::RoutingError (uninitialized constant PagesController

      Object.const_get(camel_cased_word)
            ^^^^^^^^^^

            raise MissingController.new(error.message, error.name)
            ^^^^^):
  
app/lib/hawk/secure_cookies.rb:11:in `call'
Started GET "/" for 127.0.0.1 at 2023-04-08 16:14:41 +0200
  
ActionController::RoutingError (uninitialized constant PagesController

      Object.const_get(camel_cased_word)
            ^^^^^^^^^^

            raise MissingController.new(error.message, error.name)
            ^^^^^):
  
app/lib/hawk/secure_cookies.rb:11:in `call'
Started GET "/favicon.ico" for 127.0.0.1 at 2023-04-08 16:14:41 +0200
  
ActionController::RoutingError (No route matches [GET] "/favicon.ico"):
  
app/lib/hawk/secure_cookies.rb:11:in `call'
Started GET "/" for 127.0.0.1 at 2023-04-08 16:14:43 +0200
  
ActionController::RoutingError (uninitialized constant PagesController

      Object.const_get(camel_cased_word)
            ^^^^^^^^^^

            raise MissingController.new(error.message, error.name)
            ^^^^^):
  
app/lib/hawk/secure_cookies.rb:11:in `call'
Started GET "/" for 127.0.0.1 at 2023-04-08 19:24:17 +0200
  
ActionController::RoutingError (uninitialized constant PagesController

      Object.const_get(camel_cased_word)
            ^^^^^^^^^^

            raise MissingController.new(error.message, error.name)
            ^^^^^):
  
app/lib/hawk/secure_cookies.rb:11:in `call'
Started GET "/" for 127.0.0.1 at 2023-04-08 19:24:17 +0200
  
ActionController::RoutingError (uninitialized constant PagesController

      Object.const_get(camel_cased_word)
            ^^^^^^^^^^

            raise MissingController.new(error.message, error.name)
            ^^^^^):
  
app/lib/hawk/secure_cookies.rb:11:in `call'
Started GET "/" for 127.0.0.1 at 2023-04-08 19:24:19 +0200
  
ActionController::RoutingError (uninitialized constant PagesController

      Object.const_get(camel_cased_word)
            ^^^^^^^^^^

            raise MissingController.new(error.message, error.name)
            ^^^^^):
  
app/lib/hawk/secure_cookies.rb:11:in `call'
Started GET "/" for 127.0.0.1 at 2023-04-08 19:24:26 +0200
  
ActionController::RoutingError (uninitialized constant PagesController

      Object.const_get(camel_cased_word)
            ^^^^^^^^^^

            raise MissingController.new(error.message, error.name)
            ^^^^^):
  
app/lib/hawk/secure_cookies.rb:11:in `call'
Started GET "/" for 127.0.0.1 at 2023-04-08 19:24:27 +0200
  
ActionController::RoutingError (uninitialized constant PagesController

      Object.const_get(camel_cased_word)
            ^^^^^^^^^^

            raise MissingController.new(error.message, error.name)
            ^^^^^):
  
app/lib/hawk/secure_cookies.rb:11:in `call'
Started GET "/" for 127.0.0.1 at 2023-04-08 19:24:27 +0200
  
ActionController::RoutingError (uninitialized constant PagesController

      Object.const_get(camel_cased_word)
            ^^^^^^^^^^

            raise MissingController.new(error.message, error.name)
            ^^^^^):
  
app/lib/hawk/secure_cookies.rb:11:in `call'
Started GET "/" for 127.0.0.1 at 2023-04-08 19:24:42 +0200
  
ActionController::RoutingError (uninitialized constant PagesController

      Object.const_get(camel_cased_word)
            ^^^^^^^^^^

            raise MissingController.new(error.message, error.name)
            ^^^^^):
  
app/lib/hawk/secure_cookies.rb:11:in `call'
Started GET "/" for 127.0.0.1 at 2023-04-08 19:27:17 +0200
  
Zeitwerk::NameError (expected file /root/Workspace/hawk/hawk/app/lib/cibtools.rb to define constant Cibtools, but didn't

      raise Zeitwerk::NameError.new(msg, cref.last)
      ^^^^^):
  
app/models/cib.rb:5:in `<top (required)>'
app/controllers/application_controller.rb:27:in `<class:ApplicationController>'
app/controllers/application_controller.rb:4:in `<top (required)>'
app/controllers/pages_controller.rb:4:in `<top (required)>'
app/lib/hawk/secure_cookies.rb:11:in `call'
Started GET "/" for 127.0.0.1 at 2023-04-08 19:27:18 +0200
  
Zeitwerk::NameError (expected file /root/Workspace/hawk/hawk/app/lib/natcmp.rb to define constant Natcmp, but didn't

      raise Zeitwerk::NameError.new(msg, cref.last)
      ^^^^^):
  
app/models/cib.rb:6:in `<top (required)>'
app/controllers/application_controller.rb:27:in `<class:ApplicationController>'
app/controllers/application_controller.rb:4:in `<top (required)>'
app/controllers/pages_controller.rb:4:in `<top (required)>'
app/lib/hawk/secure_cookies.rb:11:in `call'
Started GET "/" for 127.0.0.1 at 2023-04-08 19:27:27 +0200
  
Zeitwerk::NameError (expected file /root/Workspace/hawk/hawk/app/lib/cibtools.rb to define constant Cibtools, but didn't

      raise Zeitwerk::NameError.new(msg, cref.last)
      ^^^^^):
  
app/models/cib.rb:5:in `<top (required)>'
app/controllers/application_controller.rb:27:in `<class:ApplicationController>'
app/controllers/application_controller.rb:4:in `<top (required)>'
app/controllers/pages_controller.rb:4:in `<top (required)>'
app/lib/hawk/secure_cookies.rb:11:in `call'
Started GET "/" for 127.0.0.1 at 2023-04-08 19:28:30 +0200
  
Zeitwerk::NameError (expected file /root/Workspace/hawk/hawk/app/lib/cibtools.rb to define constant Cibtools, but didn't

      raise Zeitwerk::NameError.new(msg, cref.last)
      ^^^^^):
  
app/models/cib.rb:5:in `<top (required)>'
app/controllers/application_controller.rb:27:in `<class:ApplicationController>'
app/controllers/application_controller.rb:4:in `<top (required)>'
app/controllers/pages_controller.rb:4:in `<top (required)>'
app/lib/hawk/secure_cookies.rb:11:in `call'
